<?xml version="1.0" encoding="UTF-8"?>
<!-- Generated by org.testng.reporters.JUnitReportReporter -->
<testsuite hostname="LAPTOP-F4DKBREK" failures="0" tests="1" name="com.todos.tests.AddTodoTest" time="5.147" errors="0" timestamp="17 Oct 2023 01:04:39 GMT">
  <testcase classname="com.todos.tests.AddTodoTest" name="iCanAddTodo" time="5.147"/>
</testsuite> <!-- com.todos.tests.AddTodoTest -->
